#
# A fatal error has been detected by the Java Runtime Environment:
#
#  SIGBUS (0xa) at pc=0x000000010138748a, pid=5694, tid=40963
#
# JRE version: OpenJDK Runtime Environment Temurin-11.0.14.1+1 (11.0.14.1+1) (build 11.0.14.1+1)
# Java VM: OpenJDK 64-Bit Server VM Temurin-11.0.14.1+1 (11.0.14.1+1, mixed mode, tiered, compressed oops, g1 gc, bsd-amd64)
# Problematic frame:
# V  [libjvm.dylib+0x26e48a]  _ZN12ConstantPool31impl_name_and_type_ref_index_atEib+0x1e
#
# No core dump will be written. Core dumps have been disabled. To enable core dumping, try "ulimit -c unlimited" before starting Java again
#
# If you would like to submit a bug report, please visit:
#   https://github.com/adoptium/adoptium-support/issues
#

---------------  S U M M A R Y ------------

Command Line: -agentlib:jdwp=transport=dt_socket,suspend=y,address=localhost:52734 -javaagent:/Applications/Eclipse.app/Contents/Eclipse/configuration/org.eclipse.osgi/412/0/.cp/lib/javaagent-shaded.jar -Dfile.encoding=UTF-8 CodingGames.UnarySolution

Host: MacBook9,1 x86_64 1100 MHz, 4 cores, 8G, Darwin 21.4.0
Time: Wed Mar 30 21:19:50 2022 CEST elapsed time: 7708.206736 seconds (0d 2h 8m 28s)

---------------  T H R E A D  ---------------

Current thread (0x00007f84bc03f800):  GCTaskThread "GC Thread#2" [stack: 0x00007000108e3000,0x00007000109e3000] [id=40963]

Stack: [0x00007000108e3000,0x00007000109e3000],  sp=0x00007000109e1460,  free space=1017k
Native frames: (J=compiled Java code, A=aot compiled Java code, j=interpreted, Vv=VM code, C=native code)
V  [libjvm.dylib+0x26e48a]  _ZN12ConstantPool31impl_name_and_type_ref_index_atEib+0x1e
V  [libjvm.dylib+0x365d81]  _ZN14GenerateOopMap8do_fieldEiiii+0x43
V  [libjvm.dylib+0x3643ef]  _ZN14GenerateOopMap9interp_bbEP10BasicBlock+0xdb
V  [libjvm.dylib+0x364110]  _ZN14GenerateOopMap10interp_allEv+0x3c
V  [libjvm.dylib+0x363dbd]  _ZN14GenerateOopMap17do_interpretationEv+0x4b
V  [libjvm.dylib+0x36669a]  _ZN14GenerateOopMap11compute_mapEP6Thread+0x164
V  [libjvm.dylib+0x61f6df]  _ZN19OopMapForCacheEntry11compute_mapEP6Thread+0x51
V  [libjvm.dylib+0x61fec8]  _ZN16OopMapCacheEntry4fillERK12methodHandlei+0xac
V  [libjvm.dylib+0x6204a3]  _ZN11OopMapCache6lookupERK12methodHandleiP17InterpreterOopMap+0x145
V  [libjvm.dylib+0x5e246d]  _ZN6Method8mask_forEiP17InterpreterOopMap+0x6d
V  [libjvm.dylib+0x2fc1d1]  _ZN5frame19oops_interpreted_doEP10OopClosurePK11RegisterMapb+0x241
V  [libjvm.dylib+0x77edad]  _ZN10JavaThread7oops_doEP10OopClosureP15CodeBlobClosure+0x135
V  [libjvm.dylib+0x77fe42]  _ZN7Threads28possibly_parallel_threads_doEbP13ThreadClosure+0x7a
V  [libjvm.dylib+0x781898]  _ZN7Threads25possibly_parallel_oops_doEbP10OopClosureP15CodeBlobClosure+0x26
V  [libjvm.dylib+0x34cbfb]  _ZN15G1RootProcessor18process_java_rootsEP14G1RootClosuresP14G1GCPhaseTimesj+0xad
V  [libjvm.dylib+0x34c9bd]  _ZN15G1RootProcessor14evacuate_rootsEP20G1ParScanThreadStatej+0x5d
V  [libjvm.dylib+0x311283]  _ZN9G1ParTask4workEj+0xbd
V  [libjvm.dylib+0x7ee50b]  _ZN10GangWorker4loopEv+0x43
V  [libjvm.dylib+0x77ada0]  _ZN6Thread8call_runEv+0x68
V  [libjvm.dylib+0x6291d1]  _ZL19thread_native_entryP6Thread+0x139
C  [libsystem_pthread.dylib+0x64e1]  _pthread_start+0x7d
C  [libsystem_pthread.dylib+0x1f6b]  thread_start+0xf

JavaThread 0x00007f84bb80c800 (nid = 9731) was being processed
Java frames: (J=compiled Java code, j=interpreted, Vv=VM code)
j  java.lang.StringLatin1.toBytes(C)[B+1 java.base@11.0.14.1
j  java.lang.String.valueOf(C)Ljava/lang/String;+18 java.base@11.0.14.1
j  java.lang.Character.toString(C)Ljava/lang/String;+1 java.base@11.0.14.1
j  CodingGames.UnarySolution.encoded(Ljava/lang/String;)Ljava/lang/String;+16
j  CodingGames.UnarySolution.main([Ljava/lang/String;)V+224
v  ~StubRoutines::call_stub

siginfo: si_signo: 10 (SIGBUS), si_code: 2 (BUS_ADRERR), si_addr: 0x00000001010cd018

Register to memory mapping:

RAX=0x0000000100f38fd0 is pointing into metadata
RBX=0x0000000100f38468 is pointing into metadata
RCX=0x0000000000194020 is an unknown value
RDX=0x0 is NULL
RSP=0x00007000109e1460 points into unknown readable memory: 0x00007000109e14c0 | c0 14 9e 10 00 70 00 00
RBP=0x00007000109e1460 points into unknown readable memory: 0x00007000109e14c0 | c0 14 9e 10 00 70 00 00
RSI=0x000000000000ca01 is an unknown value
RDI=0x0000000100f38468 is pointing into metadata
R8 =0x00000000000000d3 is an unknown value
R9 =0x000000008fffffff is an unknown value
R10=0x000000008a000000 is an unknown value
R11=0xffffffffff70cbc8 is an unknown value
R12=0x0000000000000001 is an unknown value
R13=0x00000000000000d3 is an unknown value
R14=0x0000000000000001 is an unknown value
R15=0x00007000109e1680 points into unknown readable memory: 0x0000000101a8d530 | 30 d5 a8 01 01 00 00 00


Registers:
RAX=0x0000000100f38fd0, RBX=0x0000000100f38468, RCX=0x0000000000194020, RDX=0x0000000000000000
RSP=0x00007000109e1460, RBP=0x00007000109e1460, RSI=0x000000000000ca01, RDI=0x0000000100f38468
R8 =0x00000000000000d3, R9 =0x000000008fffffff, R10=0x000000008a000000, R11=0xffffffffff70cbc8
R12=0x0000000000000001, R13=0x00000000000000d3, R14=0x0000000000000001, R15=0x00007000109e1680
RIP=0x000000010138748a, EFLAGS=0x0000000000010202, ERR=0x0000000000000004
  TRAPNO=0x000000000000000e

Top of Stack: (sp=0x00007000109e1460)
0x00007000109e1460:   00007000109e14c0 000000010147ed81
0x00007000109e1470:   0000000100f38bbc 8fffffff000000e6
0x00007000109e1480:   0000000000000000 0000000100f38c78
0x00007000109e1490:   51350957ac9b00fe 00007000109e1680
0x00007000109e14a0:   00000000000000ed 00007000109e1680
0x00007000109e14b0:   00007f84bc8191a8 00007000109e14d8
0x00007000109e14c0:   00007000109e1530 000000010147d3ef
0x00007000109e14d0:   0000000000000000 00007000109e14f8
0x00007000109e14e0:   0000000100f38c78 00007f84bc03f800
0x00007000109e14f0:   000000d6000000d3 000000b2000000ed
0x00007000109e1500:   000000b2bcfa0000 51350957ac9b00fe
0x00007000109e1510:   0000000000000168 00007f84bc818fd0
0x00007000109e1520:   00007000109e1680 0000000000000009
0x00007000109e1530:   00007000109e1560 000000010147d110
0x00007000109e1540:   0000000000000000 00007000109e1680
0x00007000109e1550:   00007f84bc03f800 00007f84bc818fd0
0x00007000109e1560:   00007000109e1580 000000010147cdbd
0x00007000109e1570:   51350957ac9b00fe 00007000109e1680
0x00007000109e1580:   00007000109e1620 000000010147f69a
0x00007000109e1590:   0000000000000100 0000000000000000
0x00007000109e15a0:   00007f84bc819068 00007000109e1500
0x00007000109e15b0:   00007000109e1620 000000010193a0b2
0x00007000109e15c0:   0000000000000000 0000000000000000
0x00007000109e15d0:   0000000000000000 0000600003530000
0x00007000109e15e0:   0000000100368000 0000600003530cc0
0x00007000109e15f0:   0000000000000000 0000000000000000
0x00007000109e1600:   00007000109e1680 00007000109e1778
0x00007000109e1610:   00007f84bc03f800 00007000109e1838
0x00007000109e1620:   00007000109e1670 00000001017386df
0x00007000109e1630:   0000600002e30b10 00007f84bc818f70
0x00007000109e1640:   00007f84bc818f80 00007f84bc819358
0x00007000109e1650:   00000000000003d8 0000600003530cc0 

Instructions: (pc=0x000000010138748a)
0x000000010138738a:   e8 18 83 e0 01 eb 02 31 c0 5d c3 90 55 48 89 e5
0x000000010138739a:   48 8b 0f 48 8b 49 10 48 85 c9 74 1f 48 89 f8 89
0x00000001013873aa:   f2 c1 fa 1f 31 f2 48 63 d2 48 c1 e2 05 48 8d 7c
0x00000001013873ba:   11 28 48 89 c6 5d e9 d5 72 00 00 31 c0 5d c3 90
0x00000001013873ca:   55 48 89 e5 48 8b 07 48 8b 40 10 48 85 c0 74 29
0x00000001013873da:   89 f1 c1 f9 1f 31 f1 48 63 c9 48 c1 e1 05 48 8b
0x00000001013873ea:   54 08 30 48 85 d2 74 11 48 83 c0 28 48 8b 44 08
0x00000001013873fa:   18 c1 e8 19 83 e0 01 eb 02 31 c0 5d c3 90 55 48
0x000000010138740a:   89 e5 48 8b 0f 48 8b 49 10 48 85 c9 74 1f 48 89
0x000000010138741a:   f8 89 f2 c1 fa 1f 31 f2 48 63 d2 48 c1 e2 05 48
0x000000010138742a:   8d 7c 11 28 48 89 c6 5d e9 c9 72 00 00 31 c0 5d
0x000000010138743a:   c3 90 55 48 89 e5 53 50 48 89 fb e8 22 00 00 00
0x000000010138744a:   48 98 0f b7 44 c3 40 48 8b 44 c3 40 48 83 c4 08
0x000000010138745a:   5b 5d c3 90 55 48 89 e5 48 63 c6 0f b7 44 c7 40
0x000000010138746a:   5d c3 55 48 89 e5 85 d2 75 20 48 8b 47 10 48 85
0x000000010138747a:   c0 74 17 85 f6 79 02 f7 d6 48 63 ce 48 c1 e1 05
0x000000010138748a:   48 8b 44 08 28 0f b7 c0 eb 25 48 8b 4f 08 48 63
0x000000010138749a:   c6 8a 4c 01 04 80 f9 12 74 15 48 8b 4f 08 8a 4c
0x00000001013874aa:   01 04 80 f9 11 74 08 48 8b 4f 08 8a 4c 01 04 0f
0x00000001013874ba:   b7 44 c7 42 5d c3 55 48 89 e5 53 50 48 89 fb e8
0x00000001013874ca:   9e ff ff ff 48 98 8b 44 c3 40 48 c1 e8 0d 25 f8
0x00000001013874da:   ff 07 00 48 8b 44 03 40 48 83 c4 08 5b 5d c3 90
0x00000001013874ea:   55 48 89 e5 48 63 c6 0f b7 44 c7 42 5d c3 55 48
0x00000001013874fa:   89 e5 48 8b 47 10 48 63 ce 48 c1 e1 05 48 8b 44
0x000000010138750a:   08 28 0f b7 c0 5d c3 90 55 48 89 e5 85 d2 75 1e
0x000000010138751a:   48 8b 47 10 48 85 c0 74 15 85 f6 79 02 f7 d6 48
0x000000010138752a:   63 ce 48 c1 e1 05 48 8b 44 08 28 0f b7 f0 48 8b
0x000000010138753a:   47 08 48 63 ce 8a 44 08 04 5d c3 90 55 48 89 e5
0x000000010138754a:   41 57 41 56 53 50 41 89 d7 89 f3 49 89 fe 85 f6
0x000000010138755a:   79 26 48 8d 3d 2c 4b 5a 00 48 8d 15 62 4b 5a 00
0x000000010138756a:   48 8d 0d 9a 4b 5a 00 be 92 02 00 00 31 c0 e8 2e
0x000000010138757a:   82 00 00 e8 6e a7 3b 00 45 84 ff 75 18 49 8b 46 


Stack slot to memory mapping:
stack at sp + 0 slots: 0x00007000109e14c0 points into unknown readable memory: 0x00007000109e1530 | 30 15 9e 10 00 70 00 00
stack at sp + 1 slots: 0x000000010147ed81: _ZN14GenerateOopMap8do_fieldEiiii+0x43 in /Library/Java/JavaVirtualMachines/temurin-11.jdk/Contents/Home/lib/server/libjvm.dylib at 0x0000000101119000
stack at sp + 2 slots: 0x0000000100f38bbc is pointing into metadata
stack at sp + 3 slots: 0x8fffffff000000e6 is an unknown value
stack at sp + 4 slots: 0x0 is NULL
stack at sp + 5 slots: {method} {0x0000000100f38c78} 'main' '([Ljava/lang/String;)V' in 'CodingGames/UnarySolution'
stack at sp + 6 slots: 0x51350957ac9b00fe is an unknown value
stack at sp + 7 slots: 0x00007000109e1680 points into unknown readable memory: 0x0000000101a8d530 | 30 d5 a8 01 01 00 00 00


---------------  P R O C E S S  ---------------

Threads class SMR info:
_java_thread_list=0x0000600002014be0, length=12, elements={
0x00007f84bb80c800, 0x00007f84bd826800, 0x00007f84bb836800, 0x00007f84bd08d800,
0x00007f84bb837800, 0x00007f84bd82b800, 0x00007f84bc016800, 0x00007f84bd08e000,
0x00007f84bc00e800, 0x00007f84bd8e4800, 0x00007f84bd132800, 0x00007f84bd8e5000
}

Java Threads: ( => current thread )
  0x00007f84bb80c800 JavaThread "main" [_thread_blocked, id=9731, stack(0x000070000f3a1000,0x000070000f4a1000)]
  0x00007f84bd826800 JavaThread "Reference Handler" daemon [_thread_blocked, id=19459, stack(0x000070000fab6000,0x000070000fbb6000)]
  0x00007f84bb836800 JavaThread "Finalizer" daemon [_thread_blocked, id=19203, stack(0x000070000fbb9000,0x000070000fcb9000)]
  0x00007f84bd08d800 JavaThread "Signal Dispatcher" daemon [_thread_blocked, id=16643, stack(0x000070000fdc2000,0x000070000fec2000)]
  0x00007f84bb837800 JavaThread "Service Thread" daemon [_thread_blocked, id=22019, stack(0x000070000fec5000,0x000070000ffc5000)]
  0x00007f84bd82b800 JavaThread "C2 CompilerThread0" daemon [_thread_blocked, id=22531, stack(0x000070000ffc8000,0x00007000100c8000)]
  0x00007f84bc016800 JavaThread "C1 CompilerThread0" daemon [_thread_blocked, id=23299, stack(0x00007000100cb000,0x00007000101cb000)]
  0x00007f84bd08e000 JavaThread "Sweeper thread" daemon [_thread_blocked, id=23811, stack(0x00007000101ce000,0x00007000102ce000)]
  0x00007f84bc00e800 JavaThread "Common-Cleaner" daemon [_thread_blocked, id=24323, stack(0x00007000102d1000,0x00007000103d1000)]
  0x00007f84bd8e4800 JavaThread "JDWP Transport Listener: dt_socket" daemon [_thread_blocked, id=42243, stack(0x00007000104d7000,0x00007000105d7000)]
  0x00007f84bd132800 JavaThread "JDWP Event Helper Thread" daemon [_thread_blocked, id=41731, stack(0x00007000105da000,0x00007000106da000)]
  0x00007f84bd8e5000 JavaThread "JDWP Command Reader" daemon [_thread_in_native, id=41219, stack(0x00007000106dd000,0x00007000107dd000)]

Other Threads:
  0x00007f84bd80e000 VMThread "VM Thread" [stack: 0x000070000f9b3000,0x000070000fab3000] [id=14339]
  0x00007f84bb8fd800 WatcherThread [stack: 0x00007000103d4000,0x00007000104d4000] [id=24839]
  0x00007f84bd00a000 GCTaskThread "GC Thread#0" [stack: 0x000070000f4a4000,0x000070000f5a4000] [id=11779]
  0x00007f84bc0bf000 GCTaskThread "GC Thread#1" [stack: 0x00007000107e0000,0x00007000108e0000] [id=17671]
=>0x00007f84bc03f800 GCTaskThread "GC Thread#2" [stack: 0x00007000108e3000,0x00007000109e3000] [id=40963]
  0x00007f84bd030000 ConcurrentGCThread "G1 Main Marker" [stack: 0x000070000f5a7000,0x000070000f6a7000] [id=12291]
  0x00007f84bd030800 ConcurrentGCThread "G1 Conc#0" [stack: 0x000070000f6aa000,0x000070000f7aa000] [id=20995]
  0x00007f84bd081800 ConcurrentGCThread "G1 Refine#0" [stack: 0x000070000f7ad000,0x000070000f8ad000] [id=20483]
  0x00007f84bd082000 ConcurrentGCThread "G1 Young RemSet Sampling" [stack: 0x000070000f8b0000,0x000070000f9b0000] [id=19971]

Threads with active compile tasks:

VM state:at safepoint (normal execution)

VM Mutex/Monitor currently owned by a thread:  ([mutex/lock_event])
[0x0000600000e32480] Threads_lock - owner thread: 0x00007f84bd80e000
[0x0000600000e32b80] Heap_lock - owner thread: 0x00007f84bb80c800

Heap address: 0x0000000780000000, size: 2048 MB, Compressed Oops mode: Zero based, Oop shift amount: 3
Narrow klass base: 0x0000000800000000, Narrow klass shift: 0
Compressed class space size: 1073741824 Address: 0x0000000800000000

Heap:
 garbage-first heap   total 131072K, used 78563K [0x0000000780000000, 0x0000000800000000)
  region size 1024K, 76 young (77824K), 1 survivors (1024K)
 Metaspace       used 10109K, capacity 10357K, committed 10752K, reserved 1058816K
  class space    used 868K, capacity 915K, committed 1024K, reserved 1048576K
Heap Regions: E=young(eden), S=young(survivor), O=old, HS=humongous(starts), HC=humongous(continues), CS=collection set, F=free, A=archive, TAMS=top-at-mark-start (previous, next)
|   0|0x0000000780000000, 0x0000000780100000, 0x0000000780100000|100%| O|  |TAMS 0x0000000780000000, 0x0000000780000000| Untracked 
|   1|0x0000000780100000, 0x00000007801b7e00, 0x0000000780200000| 71%| O|  |TAMS 0x0000000780100000, 0x0000000780100000| Untracked 
|   2|0x0000000780200000, 0x0000000780200000, 0x0000000780300000|  0%| F|  |TAMS 0x0000000780200000, 0x0000000780200000| Untracked 
|   3|0x0000000780300000, 0x0000000780300000, 0x0000000780400000|  0%| F|  |TAMS 0x0000000780300000, 0x0000000780300000| Untracked 
|   4|0x0000000780400000, 0x0000000780400000, 0x0000000780500000|  0%| F|  |TAMS 0x0000000780400000, 0x0000000780400000| Untracked 
|   5|0x0000000780500000, 0x0000000780500000, 0x0000000780600000|  0%| F|  |TAMS 0x0000000780500000, 0x0000000780500000| Untracked 
|   6|0x0000000780600000, 0x0000000780600000, 0x0000000780700000|  0%| F|  |TAMS 0x0000000780600000, 0x0000000780600000| Untracked 
|   7|0x0000000780700000, 0x0000000780700000, 0x0000000780800000|  0%| F|  |TAMS 0x0000000780700000, 0x0000000780700000| Untracked 
|   8|0x0000000780800000, 0x0000000780800000, 0x0000000780900000|  0%| F|  |TAMS 0x0000000780800000, 0x0000000780800000| Untracked 
|   9|0x0000000780900000, 0x0000000780900000, 0x0000000780a00000|  0%| F|  |TAMS 0x0000000780900000, 0x0000000780900000| Untracked 
|  10|0x0000000780a00000, 0x0000000780a00000, 0x0000000780b00000|  0%| F|  |TAMS 0x0000000780a00000, 0x0000000780a00000| Untracked 
|  11|0x0000000780b00000, 0x0000000780b00000, 0x0000000780c00000|  0%| F|  |TAMS 0x0000000780b00000, 0x0000000780b00000| Untracked 
|  12|0x0000000780c00000, 0x0000000780c00000, 0x0000000780d00000|  0%| F|  |TAMS 0x0000000780c00000, 0x0000000780c00000| Untracked 
|  13|0x0000000780d00000, 0x0000000780d00000, 0x0000000780e00000|  0%| F|  |TAMS 0x0000000780d00000, 0x0000000780d00000| Untracked 
|  14|0x0000000780e00000, 0x0000000780e00000, 0x0000000780f00000|  0%| F|  |TAMS 0x0000000780e00000, 0x0000000780e00000| Untracked 
|  15|0x0000000780f00000, 0x0000000780f00000, 0x0000000781000000|  0%| F|  |TAMS 0x0000000780f00000, 0x0000000780f00000| Untracked 
|  16|0x0000000781000000, 0x0000000781000000, 0x0000000781100000|  0%| F|  |TAMS 0x0000000781000000, 0x0000000781000000| Untracked 
|  17|0x0000000781100000, 0x0000000781100000, 0x0000000781200000|  0%| F|  |TAMS 0x0000000781100000, 0x0000000781100000| Untracked 
|  18|0x0000000781200000, 0x0000000781200000, 0x0000000781300000|  0%| F|  |TAMS 0x0000000781200000, 0x0000000781200000| Untracked 
|  19|0x0000000781300000, 0x0000000781300000, 0x0000000781400000|  0%| F|  |TAMS 0x0000000781300000, 0x0000000781300000| Untracked 
|  20|0x0000000781400000, 0x0000000781400000, 0x0000000781500000|  0%| F|  |TAMS 0x0000000781400000, 0x0000000781400000| Untracked 
|  21|0x0000000781500000, 0x0000000781500000, 0x0000000781600000|  0%| F|  |TAMS 0x0000000781500000, 0x0000000781500000| Untracked 
|  22|0x0000000781600000, 0x0000000781600000, 0x0000000781700000|  0%| F|  |TAMS 0x0000000781600000, 0x0000000781600000| Untracked 
|  23|0x0000000781700000, 0x0000000781700000, 0x0000000781800000|  0%| F|  |TAMS 0x0000000781700000, 0x0000000781700000| Untracked 
|  24|0x0000000781800000, 0x0000000781800000, 0x0000000781900000|  0%| F|  |TAMS 0x0000000781800000, 0x0000000781800000| Untracked 
|  25|0x0000000781900000, 0x0000000781900000, 0x0000000781a00000|  0%| F|  |TAMS 0x0000000781900000, 0x0000000781900000| Untracked 
|  26|0x0000000781a00000, 0x0000000781a00000, 0x0000000781b00000|  0%| F|  |TAMS 0x0000000781a00000, 0x0000000781a00000| Untracked 
|  27|0x0000000781b00000, 0x0000000781b00000, 0x0000000781c00000|  0%| F|  |TAMS 0x0000000781b00000, 0x0000000781b00000| Untracked 
|  28|0x0000000781c00000, 0x0000000781c00000, 0x0000000781d00000|  0%| F|  |TAMS 0x0000000781c00000, 0x0000000781c00000| Untracked 
|  29|0x0000000781d00000, 0x0000000781d00000, 0x0000000781e00000|  0%| F|  |TAMS 0x0000000781d00000, 0x0000000781d00000| Untracked 
|  30|0x0000000781e00000, 0x0000000781e00000, 0x0000000781f00000|  0%| F|  |TAMS 0x0000000781e00000, 0x0000000781e00000| Untracked 
|  31|0x0000000781f00000, 0x0000000781f00000, 0x0000000782000000|  0%| F|  |TAMS 0x0000000781f00000, 0x0000000781f00000| Untracked 
|  32|0x0000000782000000, 0x0000000782000000, 0x0000000782100000|  0%| F|  |TAMS 0x0000000782000000, 0x0000000782000000| Untracked 
|  33|0x0000000782100000, 0x0000000782100000, 0x0000000782200000|  0%| F|  |TAMS 0x0000000782100000, 0x0000000782100000| Untracked 
|  34|0x0000000782200000, 0x0000000782200000, 0x0000000782300000|  0%| F|  |TAMS 0x0000000782200000, 0x0000000782200000| Untracked 
|  35|0x0000000782300000, 0x0000000782300000, 0x0000000782400000|  0%| F|  |TAMS 0x0000000782300000, 0x0000000782300000| Untracked 
|  36|0x0000000782400000, 0x0000000782400000, 0x0000000782500000|  0%| F|  |TAMS 0x0000000782400000, 0x0000000782400000| Untracked 
|  37|0x0000000782500000, 0x0000000782500000, 0x0000000782600000|  0%| F|  |TAMS 0x0000000782500000, 0x0000000782500000| Untracked 
|  38|0x0000000782600000, 0x0000000782600000, 0x0000000782700000|  0%| F|  |TAMS 0x0000000782600000, 0x0000000782600000| Untracked 
|  39|0x0000000782700000, 0x0000000782700000, 0x0000000782800000|  0%| F|  |TAMS 0x0000000782700000, 0x0000000782700000| Untracked 
|  40|0x0000000782800000, 0x0000000782800000, 0x0000000782900000|  0%| F|  |TAMS 0x0000000782800000, 0x0000000782800000| Untracked 
|  41|0x0000000782900000, 0x0000000782900000, 0x0000000782a00000|  0%| F|  |TAMS 0x0000000782900000, 0x0000000782900000| Untracked 
|  42|0x0000000782a00000, 0x0000000782a00000, 0x0000000782b00000|  0%| F|  |TAMS 0x0000000782a00000, 0x0000000782a00000| Untracked 
|  43|0x0000000782b00000, 0x0000000782b00000, 0x0000000782c00000|  0%| F|  |TAMS 0x0000000782b00000, 0x0000000782b00000| Untracked 
|  44|0x0000000782c00000, 0x0000000782c00000, 0x0000000782d00000|  0%| F|  |TAMS 0x0000000782c00000, 0x0000000782c00000| Untracked 
|  45|0x0000000782d00000, 0x0000000782d00000, 0x0000000782e00000|  0%| F|  |TAMS 0x0000000782d00000, 0x0000000782d00000| Untracked 
|  46|0x0000000782e00000, 0x0000000782e00000, 0x0000000782f00000|  0%| F|  |TAMS 0x0000000782e00000, 0x0000000782e00000| Untracked 
|  47|0x0000000782f00000, 0x0000000782f00000, 0x0000000783000000|  0%| F|  |TAMS 0x0000000782f00000, 0x0000000782f00000| Untracked 
|  48|0x0000000783000000, 0x0000000783000000, 0x0000000783100000|  0%| F|  |TAMS 0x0000000783000000, 0x0000000783000000| Untracked 
|  49|0x0000000783100000, 0x0000000783100000, 0x0000000783200000|  0%| F|  |TAMS 0x0000000783100000, 0x0000000783100000| Untracked 
|  50|0x0000000783200000, 0x0000000783200000, 0x0000000783300000|  0%| F|  |TAMS 0x0000000783200000, 0x0000000783200000| Untracked 
|  51|0x0000000783300000, 0x0000000783301020, 0x0000000783400000|  0%| E|CS|TAMS 0x0000000783300000, 0x0000000783300000| Complete 
|  52|0x0000000783400000, 0x0000000783401020, 0x0000000783500000|  0%| S|  |TAMS 0x0000000783400000, 0x0000000783400000| Complete 
|  53|0x0000000783500000, 0x0000000783600000, 0x0000000783600000|100%| E|CS|TAMS 0x0000000783500000, 0x0000000783500000| Complete 
|  54|0x0000000783600000, 0x0000000783700000, 0x0000000783700000|100%| E|CS|TAMS 0x0000000783600000, 0x0000000783600000| Complete 
|  55|0x0000000783700000, 0x0000000783800000, 0x0000000783800000|100%| E|CS|TAMS 0x0000000783700000, 0x0000000783700000| Complete 
|  56|0x0000000783800000, 0x0000000783900000, 0x0000000783900000|100%| E|CS|TAMS 0x0000000783800000, 0x0000000783800000| Complete 
|  57|0x0000000783900000, 0x0000000783a00000, 0x0000000783a00000|100%| E|CS|TAMS 0x0000000783900000, 0x0000000783900000| Complete 
|  58|0x0000000783a00000, 0x0000000783b00000, 0x0000000783b00000|100%| E|CS|TAMS 0x0000000783a00000, 0x0000000783a00000| Complete 
|  59|0x0000000783b00000, 0x0000000783c00000, 0x0000000783c00000|100%| E|CS|TAMS 0x0000000783b00000, 0x0000000783b00000| Complete 
|  60|0x0000000783c00000, 0x0000000783d00000, 0x0000000783d00000|100%| E|CS|TAMS 0x0000000783c00000, 0x0000000783c00000| Complete 
|  61|0x0000000783d00000, 0x0000000783e00000, 0x0000000783e00000|100%| E|CS|TAMS 0x0000000783d00000, 0x0000000783d00000| Complete 
|  62|0x0000000783e00000, 0x0000000783f00000, 0x0000000783f00000|100%| E|CS|TAMS 0x0000000783e00000, 0x0000000783e00000| Complete 
|  63|0x0000000783f00000, 0x0000000784000000, 0x0000000784000000|100%| E|CS|TAMS 0x0000000783f00000, 0x0000000783f00000| Complete 
|  64|0x0000000784000000, 0x0000000784100000, 0x0000000784100000|100%| E|CS|TAMS 0x0000000784000000, 0x0000000784000000| Complete 
|  65|0x0000000784100000, 0x0000000784200000, 0x0000000784200000|100%| E|CS|TAMS 0x0000000784100000, 0x0000000784100000| Complete 
|  66|0x0000000784200000, 0x0000000784300000, 0x0000000784300000|100%| E|CS|TAMS 0x0000000784200000, 0x0000000784200000| Complete 
|  67|0x0000000784300000, 0x0000000784400000, 0x0000000784400000|100%| E|CS|TAMS 0x0000000784300000, 0x0000000784300000| Complete 
|  68|0x0000000784400000, 0x0000000784500000, 0x0000000784500000|100%| E|CS|TAMS 0x0000000784400000, 0x0000000784400000| Complete 
|  69|0x0000000784500000, 0x0000000784600000, 0x0000000784600000|100%| E|CS|TAMS 0x0000000784500000, 0x0000000784500000| Complete 
|  70|0x0000000784600000, 0x0000000784700000, 0x0000000784700000|100%| E|CS|TAMS 0x0000000784600000, 0x0000000784600000| Complete 
|  71|0x0000000784700000, 0x0000000784800000, 0x0000000784800000|100%| E|CS|TAMS 0x0000000784700000, 0x0000000784700000| Complete 
|  72|0x0000000784800000, 0x0000000784900000, 0x0000000784900000|100%| E|CS|TAMS 0x0000000784800000, 0x0000000784800000| Complete 
|  73|0x0000000784900000, 0x0000000784a00000, 0x0000000784a00000|100%| E|CS|TAMS 0x0000000784900000, 0x0000000784900000| Complete 
|  74|0x0000000784a00000, 0x0000000784b00000, 0x0000000784b00000|100%| E|CS|TAMS 0x0000000784a00000, 0x0000000784a00000| Complete 
|  75|0x0000000784b00000, 0x0000000784c00000, 0x0000000784c00000|100%| E|CS|TAMS 0x0000000784b00000, 0x0000000784b00000| Complete 
|  76|0x0000000784c00000, 0x0000000784d00000, 0x0000000784d00000|100%| E|CS|TAMS 0x0000000784c00000, 0x0000000784c00000| Complete 
|  77|0x0000000784d00000, 0x0000000784e00000, 0x0000000784e00000|100%| E|CS|TAMS 0x0000000784d00000, 0x0000000784d00000| Complete 
|  78|0x0000000784e00000, 0x0000000784f00000, 0x0000000784f00000|100%| E|CS|TAMS 0x0000000784e00000, 0x0000000784e00000| Complete 
|  79|0x0000000784f00000, 0x0000000785000000, 0x0000000785000000|100%| E|CS|TAMS 0x0000000784f00000, 0x0000000784f00000| Complete 
|  80|0x0000000785000000, 0x0000000785100000, 0x0000000785100000|100%| E|CS|TAMS 0x0000000785000000, 0x0000000785000000| Complete 
|  81|0x0000000785100000, 0x0000000785200000, 0x0000000785200000|100%| E|CS|TAMS 0x0000000785100000, 0x0000000785100000| Complete 
|  82|0x0000000785200000, 0x0000000785300000, 0x0000000785300000|100%| E|CS|TAMS 0x0000000785200000, 0x0000000785200000| Complete 
|  83|0x0000000785300000, 0x0000000785400000, 0x0000000785400000|100%| E|CS|TAMS 0x0000000785300000, 0x0000000785300000| Complete 
|  84|0x0000000785400000, 0x0000000785500000, 0x0000000785500000|100%| E|CS|TAMS 0x0000000785400000, 0x0000000785400000| Complete 
|  85|0x0000000785500000, 0x0000000785600000, 0x0000000785600000|100%| E|CS|TAMS 0x0000000785500000, 0x0000000785500000| Complete 
|  86|0x0000000785600000, 0x0000000785700000, 0x0000000785700000|100%| E|CS|TAMS 0x0000000785600000, 0x0000000785600000| Complete 
|  87|0x0000000785700000, 0x0000000785800000, 0x0000000785800000|100%| E|CS|TAMS 0x0000000785700000, 0x0000000785700000| Complete 
|  88|0x0000000785800000, 0x0000000785900000, 0x0000000785900000|100%| E|CS|TAMS 0x0000000785800000, 0x0000000785800000| Complete 
|  89|0x0000000785900000, 0x0000000785a00000, 0x0000000785a00000|100%| E|CS|TAMS 0x0000000785900000, 0x0000000785900000| Complete 
|  90|0x0000000785a00000, 0x0000000785b00000, 0x0000000785b00000|100%| E|CS|TAMS 0x0000000785a00000, 0x0000000785a00000| Complete 
|  91|0x0000000785b00000, 0x0000000785c00000, 0x0000000785c00000|100%| E|CS|TAMS 0x0000000785b00000, 0x0000000785b00000| Complete 
|  92|0x0000000785c00000, 0x0000000785d00000, 0x0000000785d00000|100%| E|CS|TAMS 0x0000000785c00000, 0x0000000785c00000| Complete 
|  93|0x0000000785d00000, 0x0000000785e00000, 0x0000000785e00000|100%| E|CS|TAMS 0x0000000785d00000, 0x0000000785d00000| Complete 
|  94|0x0000000785e00000, 0x0000000785f00000, 0x0000000785f00000|100%| E|CS|TAMS 0x0000000785e00000, 0x0000000785e00000| Complete 
|  95|0x0000000785f00000, 0x0000000786000000, 0x0000000786000000|100%| E|CS|TAMS 0x0000000785f00000, 0x0000000785f00000| Complete 
|  96|0x0000000786000000, 0x0000000786100000, 0x0000000786100000|100%| E|CS|TAMS 0x0000000786000000, 0x0000000786000000| Complete 
|  97|0x0000000786100000, 0x0000000786200000, 0x0000000786200000|100%| E|CS|TAMS 0x0000000786100000, 0x0000000786100000| Complete 
|  98|0x0000000786200000, 0x0000000786300000, 0x0000000786300000|100%| E|CS|TAMS 0x0000000786200000, 0x0000000786200000| Complete 
|  99|0x0000000786300000, 0x0000000786400000, 0x0000000786400000|100%| E|CS|TAMS 0x0000000786300000, 0x0000000786300000| Complete 
| 100|0x0000000786400000, 0x0000000786500000, 0x0000000786500000|100%| E|CS|TAMS 0x0000000786400000, 0x0000000786400000| Complete 
| 101|0x0000000786500000, 0x0000000786600000, 0x0000000786600000|100%| E|CS|TAMS 0x0000000786500000, 0x0000000786500000| Complete 
| 102|0x0000000786600000, 0x0000000786700000, 0x0000000786700000|100%| E|CS|TAMS 0x0000000786600000, 0x0000000786600000| Complete 
| 103|0x0000000786700000, 0x0000000786800000, 0x0000000786800000|100%| E|CS|TAMS 0x0000000786700000, 0x0000000786700000| Complete 
| 104|0x0000000786800000, 0x0000000786900000, 0x0000000786900000|100%| E|CS|TAMS 0x0000000786800000, 0x0000000786800000| Complete 
| 105|0x0000000786900000, 0x0000000786a00000, 0x0000000786a00000|100%| E|CS|TAMS 0x0000000786900000, 0x0000000786900000| Complete 
| 106|0x0000000786a00000, 0x0000000786b00000, 0x0000000786b00000|100%| E|CS|TAMS 0x0000000786a00000, 0x0000000786a00000| Complete 
| 107|0x0000000786b00000, 0x0000000786c00000, 0x0000000786c00000|100%| E|CS|TAMS 0x0000000786b00000, 0x0000000786b00000| Complete 
| 108|0x0000000786c00000, 0x0000000786d00000, 0x0000000786d00000|100%| E|CS|TAMS 0x0000000786c00000, 0x0000000786c00000| Complete 
| 109|0x0000000786d00000, 0x0000000786e00000, 0x0000000786e00000|100%| E|CS|TAMS 0x0000000786d00000, 0x0000000786d00000| Complete 
| 110|0x0000000786e00000, 0x0000000786f00000, 0x0000000786f00000|100%| E|CS|TAMS 0x0000000786e00000, 0x0000000786e00000| Complete 
| 111|0x0000000786f00000, 0x0000000787000000, 0x0000000787000000|100%| E|CS|TAMS 0x0000000786f00000, 0x0000000786f00000| Complete 
| 112|0x0000000787000000, 0x0000000787100000, 0x0000000787100000|100%| E|CS|TAMS 0x0000000787000000, 0x0000000787000000| Complete 
| 113|0x0000000787100000, 0x0000000787200000, 0x0000000787200000|100%| E|CS|TAMS 0x0000000787100000, 0x0000000787100000| Complete 
| 114|0x0000000787200000, 0x0000000787300000, 0x0000000787300000|100%| E|CS|TAMS 0x0000000787200000, 0x0000000787200000| Complete 
| 115|0x0000000787300000, 0x0000000787400000, 0x0000000787400000|100%| E|CS|TAMS 0x0000000787300000, 0x0000000787300000| Complete 
| 116|0x0000000787400000, 0x0000000787500000, 0x0000000787500000|100%| E|CS|TAMS 0x0000000787400000, 0x0000000787400000| Complete 
| 117|0x0000000787500000, 0x0000000787600000, 0x0000000787600000|100%| E|CS|TAMS 0x0000000787500000, 0x0000000787500000| Complete 
| 118|0x0000000787600000, 0x0000000787700000, 0x0000000787700000|100%| E|CS|TAMS 0x0000000787600000, 0x0000000787600000| Complete 
| 119|0x0000000787700000, 0x0000000787800000, 0x0000000787800000|100%| E|CS|TAMS 0x0000000787700000, 0x0000000787700000| Complete 
| 120|0x0000000787800000, 0x0000000787900000, 0x0000000787900000|100%| E|CS|TAMS 0x0000000787800000, 0x0000000787800000| Complete 
| 121|0x0000000787900000, 0x0000000787a00000, 0x0000000787a00000|100%| E|CS|TAMS 0x0000000787900000, 0x0000000787900000| Complete 
| 122|0x0000000787a00000, 0x0000000787b00000, 0x0000000787b00000|100%| E|CS|TAMS 0x0000000787a00000, 0x0000000787a00000| Complete 
| 123|0x0000000787b00000, 0x0000000787c00000, 0x0000000787c00000|100%| E|CS|TAMS 0x0000000787b00000, 0x0000000787b00000| Complete 
| 124|0x0000000787c00000, 0x0000000787d00000, 0x0000000787d00000|100%| E|CS|TAMS 0x0000000787c00000, 0x0000000787c00000| Complete 
| 125|0x0000000787d00000, 0x0000000787e00000, 0x0000000787e00000|100%| E|CS|TAMS 0x0000000787d00000, 0x0000000787d00000| Complete 
| 126|0x0000000787e00000, 0x0000000787f00000, 0x0000000787f00000|100%| E|CS|TAMS 0x0000000787e00000, 0x0000000787e00000| Complete 
| 127|0x0000000787f00000, 0x0000000788000000, 0x0000000788000000|100%| E|CS|TAMS 0x0000000787f00000, 0x0000000787f00000| Complete 

Card table byte_map: [0x0000000100a79000,0x0000000100e79000] _byte_map_base: 0x00000000fce79000

Marking Bits (Prev, Next): (CMBitMap*) 0x00007f84bd027418, (CMBitMap*) 0x00007f84bd027450
 Prev Bits: [0x000000010230c000, 0x000000010430c000)
 Next Bits: [0x000000010430c000, 0x000000010630c000)

Polling page: 0x0000000100371000

Metaspace:

Usage:
  Non-class:      9.22 MB capacity,     9.02 MB ( 98%) used,   191.54 KB (  2%) free+waste,     9.62 KB ( <1%) overhead. 
      Class:    915.00 KB capacity,   868.20 KB ( 95%) used,    43.18 KB (  5%) free+waste,     3.62 KB ( <1%) overhead. 
       Both:     10.11 MB capacity,     9.87 MB ( 98%) used,   234.72 KB (  2%) free+waste,    13.25 KB ( <1%) overhead. 

Virtual space:
  Non-class space:       10.00 MB reserved,       9.50 MB ( 95%) committed 
      Class space:        1.00 GB reserved,       1.00 MB ( <1%) committed 
             Both:        1.01 GB reserved,      10.50 MB (  1%) committed 

Chunk freelists:
   Non-Class:  70.00 KB
       Class:  13.00 KB
        Both:  83.00 KB

MaxMetaspaceSize: unlimited
CompressedClassSpaceSize: 1.00 GB
Initial GC threshold: 20.80 MB
Current GC threshold: 20.80 MB
CDS: off

CodeHeap 'non-profiled nmethods': size=120032Kb used=156Kb max_used=156Kb free=119875Kb
 bounds [0x000000011a88c000, 0x000000011aafc000, 0x0000000121dc4000]
CodeHeap 'profiled nmethods': size=120032Kb used=630Kb max_used=630Kb free=119401Kb
 bounds [0x0000000113354000, 0x00000001135c4000, 0x000000011a88c000]
CodeHeap 'non-nmethods': size=5696Kb used=1177Kb max_used=1191Kb free=4519Kb
 bounds [0x0000000112dc4000, 0x0000000113034000, 0x0000000113354000]
 total_blobs=835 nmethods=472 adapters=285
 compilation: enabled
              stopped_count=0, restarted_count=0
 full_count=0

Compilation events (20 events):
Event: 5864.547 Thread 0x00007f84bc016800  462       1       java.net.URL::getRef (5 bytes)
Event: 5864.547 Thread 0x00007f84bc016800 nmethod 462 0x000000011a8b0910 code [0x000000011a8b0ac0, 0x000000011a8b0b70]
Event: 5915.354 Thread 0x00007f84bc016800  463       1       java.net.URL::getPath (5 bytes)
Event: 5915.354 Thread 0x00007f84bc016800 nmethod 463 0x000000011a8b0c10 code [0x000000011a8b0dc0, 0x000000011a8b0e70]
Event: 5915.355 Thread 0x00007f84bd82b800  464       4       org.eclipse.jdt.launching.internal.org.objectweb.asm.Symbol::<init> (38 bytes)
Event: 5915.374 Thread 0x00007f84bd82b800 nmethod 464 0x000000011a8b0f10 code [0x000000011a8b10a0, 0x000000011a8b1398]
Event: 6050.330 Thread 0x00007f84bc016800  465       1       java.net.URL::getAuthority (5 bytes)
Event: 6050.330 Thread 0x00007f84bc016800 nmethod 465 0x000000011a8b1410 code [0x000000011a8b15c0, 0x000000011a8b1670]
Event: 6050.330 Thread 0x00007f84bc016800  466       1       java.net.URL::getQuery (5 bytes)
Event: 6050.330 Thread 0x00007f84bc016800 nmethod 466 0x000000011a8b1710 code [0x000000011a8b18c0, 0x000000011a8b1970]
Event: 6050.330 Thread 0x00007f84bd82b800  467       4       org.eclipse.jdt.launching.internal.org.objectweb.asm.SymbolTable::add (39 bytes)
Event: 6050.331 Thread 0x00007f84bc016800  469       3       org.eclipse.jdt.launching.internal.org.objectweb.asm.ByteVector::putByteArray (49 bytes)
Event: 6050.340 Thread 0x00007f84bc016800 nmethod 469 0x00000001133f0c10 code [0x00000001133f0de0, 0x00000001133f1090]
Event: 6050.347 Thread 0x00007f84bd82b800 nmethod 467 0x000000011a8b1a10 code [0x000000011a8b1ba0, 0x000000011a8b1e78]
Event: 6050.347 Thread 0x00007f84bd82b800  468       4       java.lang.AbstractStringBuilder::ensureCapacityInternal (39 bytes)
Event: 6050.355 Thread 0x00007f84bd82b800 nmethod 468 0x000000011a8b2010 code [0x000000011a8b21c0, 0x000000011a8b2538]
Event: 6471.867 Thread 0x00007f84bd82b800  470       4       org.eclipse.jdt.launching.internal.org.objectweb.asm.ClassReader::readUTF8 (23 bytes)
Event: 6471.907 Thread 0x00007f84bd82b800 nmethod 470 0x000000011a8b2710 code [0x000000011a8b28c0, 0x000000011a8b2c88]
Event: 6786.303 Thread 0x00007f84bc016800  471       3       java.lang.ref.ReferenceQueue::reallyPoll (65 bytes)
Event: 6786.303 Thread 0x00007f84bc016800 nmethod 471 0x00000001133f1190 code [0x00000001133f1380, 0x00000001133f18b0]

GC Heap History (20 events):
Event: 7563.121 GC heap after
{Heap after GC invocations=609 (full 0):
 garbage-first heap   total 131072K, used 1763K [0x0000000780000000, 0x0000000800000000)
  region size 1024K, 1 young (1024K), 1 survivors (1024K)
 Metaspace       used 10098K, capacity 10293K, committed 10496K, reserved 1058816K
  class space    used 867K, capacity 915K, committed 1024K, reserved 1048576K
}
Event: 7576.726 GC heap before
{Heap before GC invocations=609 (full 0):
 garbage-first heap   total 131072K, used 78563K [0x0000000780000000, 0x0000000800000000)
  region size 1024K, 76 young (77824K), 1 survivors (1024K)
 Metaspace       used 10098K, capacity 10293K, committed 10496K, reserved 1058816K
  class space    used 867K, capacity 915K, committed 1024K, reserved 1048576K
}
Event: 7576.728 GC heap after
{Heap after GC invocations=610 (full 0):
 garbage-first heap   total 131072K, used 1761K [0x0000000780000000, 0x0000000800000000)
  region size 1024K, 1 young (1024K), 1 survivors (1024K)
 Metaspace       used 10098K, capacity 10293K, committed 10496K, reserved 1058816K
  class space    used 867K, capacity 915K, committed 1024K, reserved 1048576K
}
Event: 7591.358 GC heap before
{Heap before GC invocations=610 (full 0):
 garbage-first heap   total 131072K, used 78561K [0x0000000780000000, 0x0000000800000000)
  region size 1024K, 76 young (77824K), 1 survivors (1024K)
 Metaspace       used 10098K, capacity 10293K, committed 10496K, reserved 1058816K
  class space    used 867K, capacity 915K, committed 1024K, reserved 1048576K
}
Event: 7591.359 GC heap after
{Heap after GC invocations=611 (full 0):
 garbage-first heap   total 131072K, used 1763K [0x0000000780000000, 0x0000000800000000)
  region size 1024K, 1 young (1024K), 1 survivors (1024K)
 Metaspace       used 10098K, capacity 10293K, committed 10496K, reserved 1058816K
  class space    used 867K, capacity 915K, committed 1024K, reserved 1048576K
}
Event: 7605.814 GC heap before
{Heap before GC invocations=611 (full 0):
 garbage-first heap   total 131072K, used 78563K [0x0000000780000000, 0x0000000800000000)
  region size 1024K, 76 young (77824K), 1 survivors (1024K)
 Metaspace       used 10098K, capacity 10293K, committed 10496K, reserved 1058816K
  class space    used 867K, capacity 915K, committed 1024K, reserved 1048576K
}
Event: 7605.814 GC heap after
{Heap after GC invocations=612 (full 0):
 garbage-first heap   total 131072K, used 1761K [0x0000000780000000, 0x0000000800000000)
  region size 1024K, 1 young (1024K), 1 survivors (1024K)
 Metaspace       used 10098K, capacity 10293K, committed 10496K, reserved 1058816K
  class space    used 867K, capacity 915K, committed 1024K, reserved 1048576K
}
Event: 7621.544 GC heap before
{Heap before GC invocations=612 (full 0):
 garbage-first heap   total 131072K, used 78561K [0x0000000780000000, 0x0000000800000000)
  region size 1024K, 76 young (77824K), 1 survivors (1024K)
 Metaspace       used 10098K, capacity 10293K, committed 10496K, reserved 1058816K
  class space    used 867K, capacity 915K, committed 1024K, reserved 1048576K
}
Event: 7621.545 GC heap after
{Heap after GC invocations=613 (full 0):
 garbage-first heap   total 131072K, used 1761K [0x0000000780000000, 0x0000000800000000)
  region size 1024K, 1 young (1024K), 1 survivors (1024K)
 Metaspace       used 10098K, capacity 10293K, committed 10496K, reserved 1058816K
  class space    used 867K, capacity 915K, committed 1024K, reserved 1048576K
}
Event: 7636.365 GC heap before
{Heap before GC invocations=613 (full 0):
 garbage-first heap   total 131072K, used 78561K [0x0000000780000000, 0x0000000800000000)
  region size 1024K, 76 young (77824K), 1 survivors (1024K)
 Metaspace       used 10098K, capacity 10293K, committed 10496K, reserved 1058816K
  class space    used 867K, capacity 915K, committed 1024K, reserved 1048576K
}
Event: 7636.366 GC heap after
{Heap after GC invocations=614 (full 0):
 garbage-first heap   total 131072K, used 1763K [0x0000000780000000, 0x0000000800000000)
  region size 1024K, 1 young (1024K), 1 survivors (1024K)
 Metaspace       used 10098K, capacity 10293K, committed 10496K, reserved 1058816K
  class space    used 867K, capacity 915K, committed 1024K, reserved 1048576K
}
Event: 7651.598 GC heap before
{Heap before GC invocations=614 (full 0):
 garbage-first heap   total 131072K, used 78563K [0x0000000780000000, 0x0000000800000000)
  region size 1024K, 76 young (77824K), 1 survivors (1024K)
 Metaspace       used 10098K, capacity 10293K, committed 10496K, reserved 1058816K
  class space    used 867K, capacity 915K, committed 1024K, reserved 1048576K
}
Event: 7651.599 GC heap after
{Heap after GC invocations=615 (full 0):
 garbage-first heap   total 131072K, used 1763K [0x0000000780000000, 0x0000000800000000)
  region size 1024K, 1 young (1024K), 1 survivors (1024K)
 Metaspace       used 10098K, capacity 10293K, committed 10496K, reserved 1058816K
  class space    used 867K, capacity 915K, committed 1024K, reserved 1048576K
}
Event: 7664.917 GC heap before
{Heap before GC invocations=615 (full 0):
 garbage-first heap   total 131072K, used 78563K [0x0000000780000000, 0x0000000800000000)
  region size 1024K, 76 young (77824K), 1 survivors (1024K)
 Metaspace       used 10098K, capacity 10293K, committed 10496K, reserved 1058816K
  class space    used 867K, capacity 915K, committed 1024K, reserved 1048576K
}
Event: 7664.918 GC heap after
{Heap after GC invocations=616 (full 0):
 garbage-first heap   total 131072K, used 1761K [0x0000000780000000, 0x0000000800000000)
  region size 1024K, 1 young (1024K), 1 survivors (1024K)
 Metaspace       used 10098K, capacity 10293K, committed 10496K, reserved 1058816K
  class space    used 867K, capacity 915K, committed 1024K, reserved 1048576K
}
Event: 7678.799 GC heap before
{Heap before GC invocations=616 (full 0):
 garbage-first heap   total 131072K, used 78561K [0x0000000780000000, 0x0000000800000000)
  region size 1024K, 76 young (77824K), 1 survivors (1024K)
 Metaspace       used 10098K, capacity 10293K, committed 10496K, reserved 1058816K
  class space    used 867K, capacity 915K, committed 1024K, reserved 1048576K
}
Event: 7678.801 GC heap after
{Heap after GC invocations=617 (full 0):
 garbage-first heap   total 131072K, used 1761K [0x0000000780000000, 0x0000000800000000)
  region size 1024K, 1 young (1024K), 1 survivors (1024K)
 Metaspace       used 10098K, capacity 10293K, committed 10496K, reserved 1058816K
  class space    used 867K, capacity 915K, committed 1024K, reserved 1048576K
}
Event: 7692.302 GC heap before
{Heap before GC invocations=617 (full 0):
 garbage-first heap   total 131072K, used 78561K [0x0000000780000000, 0x0000000800000000)
  region size 1024K, 76 young (77824K), 1 survivors (1024K)
 Metaspace       used 10098K, capacity 10293K, committed 10496K, reserved 1058816K
  class space    used 867K, capacity 915K, committed 1024K, reserved 1048576K
}
Event: 7692.302 GC heap after
{Heap after GC invocations=618 (full 0):
 garbage-first heap   total 131072K, used 1763K [0x0000000780000000, 0x0000000800000000)
  region size 1024K, 1 young (1024K), 1 survivors (1024K)
 Metaspace       used 10098K, capacity 10293K, committed 10496K, reserved 1058816K
  class space    used 867K, capacity 915K, committed 1024K, reserved 1048576K
}
Event: 7708.194 GC heap before
{Heap before GC invocations=618 (full 0):
 garbage-first heap   total 131072K, used 78563K [0x0000000780000000, 0x0000000800000000)
  region size 1024K, 76 young (77824K), 1 survivors (1024K)
 Metaspace       used 10109K, capacity 10357K, committed 10752K, reserved 1058816K
  class space    used 868K, capacity 915K, committed 1024K, reserved 1048576K
}

Deoptimization events (20 events):
Event: 1.227 Thread 0x00007f84bb80c800 DEOPT PACKING pc=0x00000001133c600b sp=0x000070000f49c6e0
Event: 1.227 Thread 0x00007f84bb80c800 DEOPT UNPACKING pc=0x0000000112e0e64a sp=0x000070000f49bb68 mode 0
Event: 1.227 Thread 0x00007f84bb80c800 DEOPT PACKING pc=0x00000001133c600b sp=0x000070000f49c6e0
Event: 1.227 Thread 0x00007f84bb80c800 DEOPT UNPACKING pc=0x0000000112e0e64a sp=0x000070000f49bb68 mode 0
Event: 1.232 Thread 0x00007f84bb80c800 DEOPT PACKING pc=0x00000001133c600b sp=0x000070000f49c6e0
Event: 1.232 Thread 0x00007f84bb80c800 DEOPT UNPACKING pc=0x0000000112e0e64a sp=0x000070000f49bb68 mode 0
Event: 1.261 Thread 0x00007f84bb80c800 DEOPT PACKING pc=0x000000011339f895 sp=0x000070000f49f1a0
Event: 1.261 Thread 0x00007f84bb80c800 DEOPT UNPACKING pc=0x0000000112e0e64a sp=0x000070000f49e658 mode 0
Event: 1.294 Thread 0x00007f84bb80c800 Uncommon trap: trap_request=0xffffff4d fr.pc=0x000000011a893e44 relative=0x00000000000001a4
Event: 1.294 Thread 0x00007f84bb80c800 Uncommon trap: reason=unstable_if action=reinterpret pc=0x000000011a893e44 method=java.lang.String.isLatin1()Z @ 10 c2
Event: 1.294 Thread 0x00007f84bb80c800 DEOPT PACKING pc=0x000000011a893e44 sp=0x000070000f49b8a0
Event: 1.294 Thread 0x00007f84bb80c800 DEOPT UNPACKING pc=0x0000000112e0dea5 sp=0x000070000f49b800 mode 2
Event: 1.294 Thread 0x00007f84bb80c800 Uncommon trap: trap_request=0xffffff4d fr.pc=0x000000011a89ab7c relative=0x000000000000005c
Event: 1.294 Thread 0x00007f84bb80c800 Uncommon trap: reason=unstable_if action=reinterpret pc=0x000000011a89ab7c method=java.lang.String.isLatin1()Z @ 10 c2
Event: 1.294 Thread 0x00007f84bb80c800 DEOPT PACKING pc=0x000000011a89ab7c sp=0x000070000f49b840
Event: 1.294 Thread 0x00007f84bb80c800 DEOPT UNPACKING pc=0x0000000112e0dea5 sp=0x000070000f49b800 mode 2
Event: 1.299 Thread 0x00007f84bb80c800 Uncommon trap: trap_request=0xffffff4d fr.pc=0x000000011a899994 relative=0x0000000000000074
Event: 1.299 Thread 0x00007f84bb80c800 Uncommon trap: reason=unstable_if action=reinterpret pc=0x000000011a899994 method=java.lang.String.isLatin1()Z @ 10 c2
Event: 1.299 Thread 0x00007f84bb80c800 DEOPT PACKING pc=0x000000011a899994 sp=0x000070000f4a0450
Event: 1.299 Thread 0x00007f84bb80c800 DEOPT UNPACKING pc=0x0000000112e0dea5 sp=0x000070000f4a03c0 mode 2

Classes redefined (20 events):
Event: 5692.370 Thread 0x00007f84bd80e000 redefined class name=CodingGames.UnarySolution, count=28
Event: 5725.088 Thread 0x00007f84bd80e000 redefined class name=CodingGames.UnarySolution, count=29
Event: 5804.569 Thread 0x00007f84bd80e000 redefined class name=CodingGames.UnarySolution, count=30
Event: 5864.553 Thread 0x00007f84bd80e000 redefined class name=CodingGames.UnarySolution, count=31
Event: 5915.361 Thread 0x00007f84bd80e000 redefined class name=CodingGames.UnarySolution, count=32
Event: 6050.334 Thread 0x00007f84bd80e000 redefined class name=CodingGames.UnarySolution, count=33
Event: 6134.500 Thread 0x00007f84bd80e000 redefined class name=CodingGames.UnarySolution, count=34
Event: 6205.426 Thread 0x00007f84bd80e000 redefined class name=CodingGames.UnarySolution, count=35
Event: 6471.892 Thread 0x00007f84bd80e000 redefined class name=CodingGames.UnarySolution, count=36
Event: 6548.665 Thread 0x00007f84bd80e000 redefined class name=CodingGames.UnarySolution, count=37
Event: 6596.045 Thread 0x00007f84bd80e000 redefined class name=CodingGames.UnarySolution, count=38
Event: 6676.861 Thread 0x00007f84bd80e000 redefined class name=CodingGames.UnarySolution, count=39
Event: 6707.850 Thread 0x00007f84bd80e000 redefined class name=CodingGames.UnarySolution, count=40
Event: 6748.914 Thread 0x00007f84bd80e000 redefined class name=CodingGames.UnarySolution, count=41
Event: 6808.710 Thread 0x00007f84bd80e000 redefined class name=CodingGames.UnarySolution, count=42
Event: 7104.765 Thread 0x00007f84bd80e000 redefined class name=CodingGames.UnarySolution, count=43
Event: 7291.285 Thread 0x00007f84bd80e000 redefined class name=CodingGames.UnarySolution, count=44
Event: 7508.062 Thread 0x00007f84bd80e000 redefined class name=CodingGames.UnarySolution, count=45
Event: 7557.858 Thread 0x00007f84bd80e000 redefined class name=CodingGames.UnarySolution, count=46
Event: 7705.131 Thread 0x00007f84bd80e000 redefined class name=CodingGames.UnarySolution, count=47

Internal exceptions (1 events):
Event: 1.262 Thread 0x00007f84bb80c800 Exception <a 'java/lang/NoSuchMethodError'{0x0000000787be4678}: 'int java.lang.invoke.DirectMethodHandle$Holder.invokeSpecialIFC(java.lang.Object, java.lang.Object, int)'> (0x0000000787be4678) thrown at [./src/hotspot/share/interpreter/linkResolver.cpp, line 773]

Events (20 events):
Event: 7605.814 Executing VM operation: G1CollectForAllocation done
Event: 7621.544 Executing VM operation: G1CollectForAllocation
Event: 7621.545 Executing VM operation: G1CollectForAllocation done
Event: 7636.365 Executing VM operation: G1CollectForAllocation
Event: 7636.366 Executing VM operation: G1CollectForAllocation done
Event: 7651.598 Executing VM operation: G1CollectForAllocation
Event: 7651.599 Executing VM operation: G1CollectForAllocation done
Event: 7664.917 Executing VM operation: G1CollectForAllocation
Event: 7664.918 Executing VM operation: G1CollectForAllocation done
Event: 7678.799 Executing VM operation: G1CollectForAllocation
Event: 7678.801 Executing VM operation: G1CollectForAllocation done
Event: 7692.301 Executing VM operation: G1CollectForAllocation
Event: 7692.302 Executing VM operation: G1CollectForAllocation done
Event: 7705.128 Executing VM operation: RedefineClasses
Event: 7705.132 Executing VM operation: RedefineClasses done
Event: 7705.147 Executing VM operation: ChangeBreakpoints
Event: 7705.147 Executing VM operation: ChangeBreakpoints done
Event: 7705.171 Executing VM operation: ChangeBreakpoints
Event: 7705.175 Executing VM operation: ChangeBreakpoints done
Event: 7708.194 Executing VM operation: G1CollectForAllocation


Dynamic libraries:
0x0000000100352000 	/Library/Java/JavaVirtualMachines/temurin-11.jdk/Contents/Home/lib/jli/libjli.dylib
0x00007ff82ebdb000 	/System/Library/Frameworks/Cocoa.framework/Versions/A/Cocoa
0x00007ff81a854000 	/System/Library/Frameworks/AppKit.framework/Versions/C/AppKit
0x00007ff81dd5f000 	/System/Library/Frameworks/CoreData.framework/Versions/A/CoreData
0x00007ff818c60000 	/System/Library/Frameworks/Foundation.framework/Versions/C/Foundation
0x00007ff822b80000 	/usr/lib/libSystem.B.dylib
0x00007ff81b6e2000 	/System/Library/PrivateFrameworks/UIFoundation.framework/Versions/A/UIFoundation
0x00007ff828ae1000 	/System/Library/PrivateFrameworks/RemoteViewServices.framework/Versions/A/RemoteViewServices
0x00007ff820dcb000 	/System/Library/PrivateFrameworks/XCTTargetBootstrap.framework/Versions/A/XCTTargetBootstrap
0x00007ff824987000 	/System/Library/PrivateFrameworks/InternationalSupport.framework/Versions/A/InternationalSupport
0x00007ff824a11000 	/System/Library/PrivateFrameworks/UserActivity.framework/Versions/A/UserActivity
0x00007ff823d67000 	/usr/lib/libspindump.dylib
0x00007ff81b970000 	/System/Library/Frameworks/UniformTypeIdentifiers.framework/Versions/A/UniformTypeIdentifiers
0x00007ff81f4f4000 	/usr/lib/libapp_launch_measurement.dylib
0x00007ff81e72f000 	/System/Library/PrivateFrameworks/CoreAnalytics.framework/Versions/A/CoreAnalytics
0x00007ff81f4f7000 	/System/Library/PrivateFrameworks/CoreAutoLayout.framework/Versions/A/CoreAutoLayout
0x00007ff820725000 	/System/Library/Frameworks/Metal.framework/Versions/A/Metal
0x00007ff821451000 	/usr/lib/liblangid.dylib
0x00007ff820dd0000 	/System/Library/PrivateFrameworks/CoreSVG.framework/Versions/A/CoreSVG
0x00007ff81cd57000 	/System/Library/PrivateFrameworks/SkyLight.framework/Versions/A/SkyLight
0x00007ff81d0f5000 	/System/Library/Frameworks/CoreGraphics.framework/Versions/A/CoreGraphics
0x00007ff8291a1000 	/System/Library/Frameworks/Accelerate.framework/Versions/A/Accelerate
0x00007ff8237e6000 	/System/Library/PrivateFrameworks/IconServices.framework/Versions/A/IconServices
0x00007ff82070a000 	/System/Library/Frameworks/IOSurface.framework/Versions/A/IOSurface
0x00007ff81e75d000 	/usr/lib/libDiagnosticMessagesClient.dylib
0x00007ff822aa0000 	/usr/lib/libz.1.dylib
0x00007ff82c884000 	/System/Library/Frameworks/ApplicationServices.framework/Versions/A/ApplicationServices
0x00007ff820db7000 	/System/Library/PrivateFrameworks/DFRFoundation.framework/Versions/A/DFRFoundation
0x00007ff81a13c000 	/usr/lib/libicucore.A.dylib
0x00007ff82577c000 	/System/Library/Frameworks/AudioToolbox.framework/Versions/A/AudioToolbox
0x00007ff824993000 	/System/Library/PrivateFrameworks/DataDetectorsCore.framework/Versions/A/DataDetectorsCore
0x00007ff920920000 	/System/Library/PrivateFrameworks/TextInput.framework/Versions/A/TextInput
0x00007ff81ccda000 	/usr/lib/libMobileGestalt.dylib
0x00007ff820ac3000 	/System/Library/Frameworks/Carbon.framework/Versions/A/Frameworks/HIToolbox.framework/Versions/A/HIToolbox
0x00007ff81eefa000 	/System/Library/Frameworks/QuartzCore.framework/Versions/A/QuartzCore
0x00007ff819de3000 	/System/Library/Frameworks/Security.framework/Versions/A/Security
0x00007ff828b19000 	/System/Library/Frameworks/Carbon.framework/Versions/A/Frameworks/SpeechRecognition.framework/Versions/A/SpeechRecognition
0x00007ff81f254000 	/System/Library/PrivateFrameworks/CoreUI.framework/Versions/A/CoreUI
0x00007ff8196af000 	/System/Library/Frameworks/CoreAudio.framework/Versions/A/CoreAudio
0x00007ff81e84c000 	/System/Library/Frameworks/DiskArbitration.framework/Versions/A/DiskArbitration
0x00007ff824155000 	/System/Library/PrivateFrameworks/MultitouchSupport.framework/Versions/A/MultitouchSupport
0x00007ff81ccd9000 	/usr/lib/libenergytrace.dylib
0x00007ff81a740000 	/System/Library/Frameworks/IOKit.framework/Versions/A/IOKit
0x00007ff828f09000 	/System/Library/Frameworks/CoreServices.framework/Versions/A/CoreServices
0x00007ff81f48e000 	/System/Library/PrivateFrameworks/PerformanceAnalysis.framework/Versions/A/PerformanceAnalysis
0x00007ffa2fe44000 	/System/Library/Frameworks/OpenGL.framework/Versions/A/OpenGL
0x00007ff8220ba000 	/System/Library/PrivateFrameworks/MobileKeyBag.framework/Versions/A/MobileKeyBag
0x00007ff817c30000 	/usr/lib/libobjc.A.dylib
0x00007ff81d7c0000 	/System/Library/Frameworks/ColorSync.framework/Versions/A/ColorSync
0x00007ff817dee000 	/System/Library/Frameworks/CoreFoundation.framework/Versions/A/CoreFoundation
0x00007ff821047000 	/System/Library/Frameworks/CoreImage.framework/Versions/A/CoreImage
0x00007ff8194c7000 	/System/Library/Frameworks/CoreText.framework/Versions/A/CoreText
0x00007ff820e00000 	/System/Library/Frameworks/ImageIO.framework/Versions/A/ImageIO
0x00007ff822b86000 	/System/Library/PrivateFrameworks/SoftLinking.framework/Versions/A/SoftLinking
0x00007ff81f53f000 	/usr/lib/libxml2.2.dylib
0x00007ff817cfa000 	/usr/lib/libc++.1.dylib
0x00007ff822e0a000 	/usr/lib/libcompression.dylib
0x00007ff8248ba000 	/System/Library/PrivateFrameworks/TextureIO.framework/Versions/A/TextureIO
0x00007ff8234f8000 	/usr/lib/libate.dylib
0x00007ff822b7b000 	/usr/lib/system/libcache.dylib
0x00007ff822b37000 	/usr/lib/system/libcommonCrypto.dylib
0x00007ff822b60000 	/usr/lib/system/libcompiler_rt.dylib
0x00007ff822b56000 	/usr/lib/system/libcopyfile.dylib
0x00007ff817b2b000 	/usr/lib/system/libcorecrypto.dylib
0x00007ff817be9000 	/usr/lib/system/libdispatch.dylib
0x00007ff817dad000 	/usr/lib/system/libdyld.dylib
0x00007ff822b72000 	/usr/lib/system/libkeymgr.dylib
0x00007ff822b15000 	/usr/lib/system/libmacho.dylib
0x00007ff822194000 	/usr/lib/system/libquarantine.dylib
0x00007ff822b70000 	/usr/lib/system/libremovefile.dylib
0x00007ff81cd27000 	/usr/lib/system/libsystem_asl.dylib
0x00007ff817ad4000 	/usr/lib/system/libsystem_blocks.dylib
0x00007ff817c71000 	/usr/lib/system/libsystem_c.dylib
0x00007ff822b68000 	/usr/lib/system/libsystem_collections.dylib
0x00007ff821441000 	/usr/lib/system/libsystem_configuration.dylib
0x00007ff8206ed000 	/usr/lib/system/libsystem_containermanager.dylib
0x00007ff82284e000 	/usr/lib/system/libsystem_coreservices.dylib
0x00007ff81a3d0000 	/usr/lib/system/libsystem_darwin.dylib
0x00007ff822b73000 	/usr/lib/system/libsystem_dnssd.dylib
0x00007ff817c6e000 	/usr/lib/system/libsystem_featureflags.dylib
0x00007ff817dc3000 	/usr/lib/system/libsystem_info.dylib
0x00007ff822ab3000 	/usr/lib/system/libsystem_m.dylib
0x00007ff817bbd000 	/usr/lib/system/libsystem_malloc.dylib
0x00007ff81ccc2000 	/usr/lib/system/libsystem_networkextension.dylib
0x00007ff81a7f6000 	/usr/lib/system/libsystem_notify.dylib
0x00007ff828dde000 	/usr/lib/system/libsystem_product_info_filter.dylib
0x00007ff821445000 	/usr/lib/system/libsystem_sandbox.dylib
0x00007ff822b6d000 	/usr/lib/system/libsystem_secinit.dylib
0x00007ff817d69000 	/usr/lib/system/libsystem_kernel.dylib
0x00007ff817db9000 	/usr/lib/system/libsystem_platform.dylib
0x00007ff817da1000 	/usr/lib/system/libsystem_pthread.dylib
0x00007ff81e56f000 	/usr/lib/system/libsystem_symptoms.dylib
0x00007ff817b12000 	/usr/lib/system/libsystem_trace.dylib
0x00007ff822b43000 	/usr/lib/system/libunwind.dylib
0x00007ff817ad6000 	/usr/lib/system/libxpc.dylib
0x00007ff817d53000 	/usr/lib/libc++abi.dylib
0x00007ff822b4e000 	/usr/lib/liboah.dylib
0x00007ff8232d4000 	/usr/lib/liblzma.5.dylib
0x00007ff818973000 	/System/Library/Frameworks/SystemConfiguration.framework/Versions/A/SystemConfiguration
0x00007ff822b82000 	/usr/lib/libfakelink.dylib
0x00007ff81c833000 	/System/Library/Frameworks/CFNetwork.framework/Versions/A/CFNetwork
0x00007ff822cc3000 	/usr/lib/libarchive.2.dylib
0x00007ff82144d000 	/System/Library/PrivateFrameworks/AppleSystemInfo.framework/Versions/A/AppleSystemInfo
0x00007ff8221bb000 	/usr/lib/libbsm.0.dylib
0x00007ff81be46000 	/usr/lib/libnetwork.dylib
0x00007ff822b1b000 	/usr/lib/system/libkxld.dylib
0x00007ff821de7000 	/System/Library/PrivateFrameworks/IOMobileFramebuffer.framework/Versions/A/IOMobileFramebuffer
0x00007ffb2f34b000 	/usr/lib/libCoreEntitlements.dylib
0x00007ff822830000 	/System/Library/PrivateFrameworks/AppleFSCompression.framework/Versions/A/AppleFSCompression
0x00007ff8221a3000 	/usr/lib/libcoretls.dylib
0x00007ff8232ee000 	/usr/lib/libcoretls_cfhelpers.dylib
0x00007ff822e05000 	/usr/lib/libpam.2.dylib
0x00007ff81e18f000 	/usr/lib/libsqlite3.dylib
0x00007ff82335d000 	/usr/lib/libxar.1.dylib
0x00007ff822840000 	/usr/lib/libbz2.1.0.dylib
0x00007ff822b87000 	/usr/lib/libpcap.A.dylib
0x00007ff81e567000 	/usr/lib/libdns_services.dylib
0x00007ff822dd5000 	/usr/lib/libapple_nghttp2.dylib
0x00007ff822bc1000 	/usr/lib/libiconv.2.dylib
0x00007ff822b14000 	/usr/lib/libcharset.1.dylib
0x00007ff81f4c2000 	/System/Library/Frameworks/CoreServices.framework/Versions/A/Frameworks/FSEvents.framework/Versions/A/FSEvents
0x00007ff81a3da000 	/System/Library/Frameworks/CoreServices.framework/Versions/A/Frameworks/CarbonCore.framework/Versions/A/CarbonCore
0x00007ff81e7b0000 	/System/Library/Frameworks/CoreServices.framework/Versions/A/Frameworks/Metadata.framework/Versions/A/Metadata
0x00007ff822853000 	/System/Library/Frameworks/CoreServices.framework/Versions/A/Frameworks/OSServices.framework/Versions/A/OSServices
0x00007ff822d4a000 	/System/Library/Frameworks/CoreServices.framework/Versions/A/Frameworks/SearchKit.framework/Versions/A/SearchKit
0x00007ff81e4fa000 	/System/Library/Frameworks/CoreServices.framework/Versions/A/Frameworks/AE.framework/Versions/A/AE
0x00007ff8182f0000 	/System/Library/Frameworks/CoreServices.framework/Versions/A/Frameworks/LaunchServices.framework/Versions/A/LaunchServices
0x00007ff823285000 	/System/Library/Frameworks/CoreServices.framework/Versions/A/Frameworks/DictionaryServices.framework/Versions/A/DictionaryServices
0x00007ff81f4cf000 	/System/Library/Frameworks/CoreServices.framework/Versions/A/Frameworks/SharedFileList.framework/Versions/A/SharedFileList
0x00007ff822197000 	/usr/lib/libCheckFix.dylib
0x00007ff81cd3e000 	/System/Library/PrivateFrameworks/TCC.framework/Versions/A/TCC
0x00007ff821453000 	/System/Library/PrivateFrameworks/CoreNLP.framework/Versions/A/CoreNLP
0x00007ff81e760000 	/System/Library/PrivateFrameworks/MetadataUtilities.framework/Versions/A/MetadataUtilities
0x00007ff818a23000 	/usr/lib/libmecabra.dylib
0x00007ff8221cb000 	/usr/lib/libmecab.dylib
0x00007ff8189ee000 	/usr/lib/libCRFSuite.dylib
0x00007ff822225000 	/usr/lib/libgermantok.dylib
0x00007ff822db0000 	/usr/lib/libThaiTokenizer.dylib
0x00007ff81e853000 	/System/Library/Frameworks/Accelerate.framework/Versions/A/Frameworks/vImage.framework/Versions/A/vImage
0x00007ff828ee0000 	/System/Library/Frameworks/Accelerate.framework/Versions/A/Frameworks/vecLib.framework/Versions/A/vecLib
0x00007ff82339e000 	/System/Library/Frameworks/Accelerate.framework/Versions/A/Frameworks/vecLib.framework/Versions/A/libvMisc.dylib
0x00007ff821c12000 	/System/Library/Frameworks/Accelerate.framework/Versions/A/Frameworks/vecLib.framework/Versions/A/libvDSP.dylib
0x00007ff81866a000 	/System/Library/Frameworks/Accelerate.framework/Versions/A/Frameworks/vecLib.framework/Versions/A/libBLAS.dylib
0x00007ff822ee7000 	/System/Library/Frameworks/Accelerate.framework/Versions/A/Frameworks/vecLib.framework/Versions/A/libLAPACK.dylib
0x00007ff822228000 	/System/Library/Frameworks/Accelerate.framework/Versions/A/Frameworks/vecLib.framework/Versions/A/libLinearAlgebra.dylib
0x00007ff822ded000 	/System/Library/Frameworks/Accelerate.framework/Versions/A/Frameworks/vecLib.framework/Versions/A/libSparseBLAS.dylib
0x00007ff822ee1000 	/System/Library/Frameworks/Accelerate.framework/Versions/A/Frameworks/vecLib.framework/Versions/A/libQuadrature.dylib
0x00007ff82153e000 	/System/Library/Frameworks/Accelerate.framework/Versions/A/Frameworks/vecLib.framework/Versions/A/libBNNS.dylib
0x00007ff818904000 	/System/Library/Frameworks/Accelerate.framework/Versions/A/Frameworks/vecLib.framework/Versions/A/libSparse.dylib
0x00007ff821537000 	/System/Library/PrivateFrameworks/LinguisticData.framework/Versions/A/LinguisticData
0x00007ff8188ba000 	/System/Library/PrivateFrameworks/Lexicon.framework/Versions/A/Lexicon
0x00007ff823397000 	/usr/lib/libChineseTokenizer.dylib
0x00007ff81901c000 	/System/Library/PrivateFrameworks/LanguageModeling.framework/Versions/A/LanguageModeling
0x00007ff822db2000 	/System/Library/PrivateFrameworks/AppleSauce.framework/Versions/A/AppleSauce
0x00007ff821dd5000 	/System/Library/PrivateFrameworks/CoreEmoji.framework/Versions/A/CoreEmoji
0x00007ff822cb2000 	/usr/lib/libcmph.dylib
0x00007ff81f4a6000 	/System/Library/Frameworks/OpenDirectory.framework/Versions/A/Frameworks/CFOpenDirectory.framework/Versions/A/CFOpenDirectory
0x00007ff81f49a000 	/System/Library/Frameworks/OpenDirectory.framework/Versions/A/OpenDirectory
0x00007ff8232f0000 	/System/Library/PrivateFrameworks/APFS.framework/Versions/A/APFS
0x00007ff8220f2000 	/System/Library/Frameworks/SecurityFoundation.framework/Versions/A/SecurityFoundation
0x00007ff82336b000 	/usr/lib/libutil.dylib
0x00007ff81a704000 	/System/Library/PrivateFrameworks/CoreServicesStore.framework/Versions/A/CoreServicesStore
0x00007ff82336f000 	/usr/lib/libxslt.1.dylib
0x00007ff82217f000 	/System/Library/PrivateFrameworks/BackgroundTaskManagement.framework/Versions/A/BackgroundTaskManagement
0x00007ff8247da000 	/System/Library/Frameworks/ImageIO.framework/Versions/A/Resources/libRadiance.dylib
0x00007ff8247e3000 	/System/Library/Frameworks/ImageIO.framework/Versions/A/Resources/libJPEG.dylib
0x00007ff824734000 	/System/Library/Frameworks/ImageIO.framework/Versions/A/Resources/libPng.dylib
0x00007ff824755000 	/System/Library/Frameworks/ImageIO.framework/Versions/A/Resources/libTIFF.dylib
0x00007ff824843000 	/System/Library/Frameworks/ImageIO.framework/Versions/A/Resources/libGIF.dylib
0x00007ff82406f000 	/System/Library/Frameworks/ImageIO.framework/Versions/A/Resources/libJP2.dylib
0x00007ff8237ad000 	/usr/lib/libexpat.1.dylib
0x00007ff824024000 	/System/Library/PrivateFrameworks/AppleJPEG.framework/Versions/A/AppleJPEG
0x00007ff820987000 	/System/Library/PrivateFrameworks/FontServices.framework/libFontParser.dylib
0x00007ff81e4a4000 	/System/Library/PrivateFrameworks/RunningBoardServices.framework/Versions/A/RunningBoardServices
0x00007ff82f193000 	/System/Library/PrivateFrameworks/IOSurfaceAccelerator.framework/Versions/A/IOSurfaceAccelerator
0x00007ff824151000 	/System/Library/PrivateFrameworks/WatchdogClient.framework/Versions/A/WatchdogClient
0x00007ff81910a000 	/System/Library/Frameworks/CoreDisplay.framework/Versions/A/CoreDisplay
0x00007ff820885000 	/System/Library/Frameworks/CoreMedia.framework/Versions/A/CoreMedia
0x00007ff82071c000 	/System/Library/PrivateFrameworks/IOAccelerator.framework/Versions/A/IOAccelerator
0x00007ff81f623000 	/System/Library/Frameworks/CoreVideo.framework/Versions/A/CoreVideo
0x00007ff822e03000 	/System/Library/Frameworks/MetalPerformanceShaders.framework/Versions/A/MetalPerformanceShaders
0x00007ff82418e000 	/System/Library/Frameworks/VideoToolbox.framework/Versions/A/VideoToolbox
0x00007ff81e3ee000 	/System/Library/PrivateFrameworks/BaseBoard.framework/Versions/A/BaseBoard
0x00007ff81e175000 	/System/Library/PrivateFrameworks/ProtocolBuffer.framework/Versions/A/ProtocolBuffer
0x00007ff8247d3000 	/System/Library/PrivateFrameworks/GPUWrangler.framework/Versions/A/GPUWrangler
0x00007ff8247b7000 	/System/Library/PrivateFrameworks/IOPresentment.framework/Versions/A/IOPresentment
0x00007ff8247dd000 	/System/Library/PrivateFrameworks/DSExternalDisplay.framework/Versions/A/DSExternalDisplay
0x00007ffa2fe38000 	/System/Library/Frameworks/OpenGL.framework/Versions/A/Libraries/libCoreFSCache.dylib
0x00007ffb1caf4000 	/System/Library/PrivateFrameworks/GPUCompiler.framework/Versions/31001/Libraries/libGPUCompilerUtils.dylib
0x00007ff824848000 	/System/Library/PrivateFrameworks/CMCaptureCore.framework/Versions/A/CMCaptureCore
0x00007ff823d55000 	/System/Library/PrivateFrameworks/AppServerSupport.framework/Versions/A/AppServerSupport
0x00007ff826014000 	/System/Library/PrivateFrameworks/perfdata.framework/Versions/A/perfdata
0x00007ff819236000 	/System/Library/PrivateFrameworks/AudioToolboxCore.framework/Versions/A/AudioToolboxCore
0x00007ff820863000 	/System/Library/PrivateFrameworks/caulk.framework/Versions/A/caulk
0x00007ff825926000 	/usr/lib/libAudioStatistics.dylib
0x00007ff91d0ce000 	/System/Library/PrivateFrameworks/SystemPolicy.framework/Versions/A/SystemPolicy
0x00007ff825b81000 	/usr/lib/libSMC.dylib
0x00007ff82ea8e000 	/System/Library/Frameworks/CoreMIDI.framework/Versions/A/CoreMIDI
0x00007ff824703000 	/usr/lib/libAudioToolboxUtility.dylib
0x00007ff919371000 	/System/Library/PrivateFrameworks/OSAServicesClient.framework/Versions/A/OSAServicesClient
0x00007ff826021000 	/usr/lib/libperfcheck.dylib
0x00007ff91db78000 	/usr/lib/libmis.dylib
0x00007ffa2fe93000 	/System/Library/Frameworks/OpenGL.framework/Versions/A/Libraries/libGLU.dylib
0x00007ffa2fe57000 	/System/Library/Frameworks/OpenGL.framework/Versions/A/Libraries/libGFXShared.dylib
0x00007ffa30060000 	/System/Library/Frameworks/OpenGL.framework/Versions/A/Libraries/libGL.dylib
0x00007ffa2fe60000 	/System/Library/Frameworks/OpenGL.framework/Versions/A/Libraries/libGLImage.dylib
0x00007ffa2fe54000 	/System/Library/Frameworks/OpenGL.framework/Versions/A/Libraries/libCVMSPluginSupport.dylib
0x00007ffa2fe3f000 	/System/Library/Frameworks/OpenGL.framework/Versions/A/Libraries/libCoreVMClient.dylib
0x00007ff8213cf000 	/System/Library/Frameworks/MetalPerformanceShaders.framework/Versions/A/Frameworks/MPSCore.framework/Versions/A/MPSCore
0x00007ff82279b000 	/System/Library/Frameworks/MetalPerformanceShaders.framework/Versions/A/Frameworks/MPSImage.framework/Versions/A/MPSImage
0x00007ff82223e000 	/System/Library/Frameworks/MetalPerformanceShaders.framework/Versions/A/Frameworks/MPSNeuralNetwork.framework/Versions/A/MPSNeuralNetwork
0x00007ff8226b2000 	/System/Library/Frameworks/MetalPerformanceShaders.framework/Versions/A/Frameworks/MPSMatrix.framework/Versions/A/MPSMatrix
0x00007ff82246d000 	/System/Library/Frameworks/MetalPerformanceShaders.framework/Versions/A/Frameworks/MPSRayIntersector.framework/Versions/A/MPSRayIntersector
0x00007ff8226ea000 	/System/Library/Frameworks/MetalPerformanceShaders.framework/Versions/A/Frameworks/MPSNDArray.framework/Versions/A/MPSNDArray
0x00007ffa34dc0000 	/System/Library/Frameworks/MetalPerformanceShaders.framework/Versions/A/Frameworks/MPSFunctions.framework/Versions/A/MPSFunctions
0x00007ff818547000 	/System/Library/PrivateFrameworks/MetalTools.framework/Versions/A/MetalTools
0x00007ff82144b000 	/System/Library/PrivateFrameworks/AggregateDictionary.framework/Versions/A/AggregateDictionary
0x00007ff82358f000 	/usr/lib/libIOReport.dylib
0x00007ffa3146f000 	/System/Library/Frameworks/OpenCL.framework/Versions/A/OpenCL
0x00007ff8238f3000 	/System/Library/PrivateFrameworks/FaceCore.framework/Versions/A/FaceCore
0x00007ff8238e4000 	/System/Library/PrivateFrameworks/GraphVisualizer.framework/Versions/A/GraphVisualizer
0x00007ffb1c9ff000 	/System/Library/PrivateFrameworks/FontServices.framework/Versions/A/FontServices
0x00007ff823d0d000 	/System/Library/PrivateFrameworks/OTSVG.framework/Versions/A/OTSVG
0x00007ff81f20a000 	/System/Library/Frameworks/ApplicationServices.framework/Versions/A/Frameworks/ATS.framework/Versions/A/Resources/libFontRegistry.dylib
0x00007ff823d5d000 	/System/Library/PrivateFrameworks/FontServices.framework/libhvf.dylib
0x00007ffb1ca00000 	/System/Library/PrivateFrameworks/FontServices.framework/libXTFontStaticRegistryData.dylib
0x00007ff82375d000 	/System/Library/PrivateFrameworks/AppleVA.framework/Versions/A/AppleVA
0x00007ff825946000 	/System/Library/Frameworks/ApplicationServices.framework/Versions/A/Frameworks/ATS.framework/Versions/A/ATS
0x00007ff81d8bc000 	/System/Library/Frameworks/ApplicationServices.framework/Versions/A/Frameworks/HIServices.framework/Versions/A/HIServices
0x00007ff824852000 	/System/Library/Frameworks/ApplicationServices.framework/Versions/A/Frameworks/PrintCore.framework/Versions/A/PrintCore
0x00007ff825cd4000 	/System/Library/Frameworks/ApplicationServices.framework/Versions/A/Frameworks/QD.framework/Versions/A/QD
0x00007ff825ccc000 	/System/Library/Frameworks/ApplicationServices.framework/Versions/A/Frameworks/ColorSyncLegacy.framework/Versions/A/ColorSyncLegacy
0x00007ff825936000 	/System/Library/Frameworks/ApplicationServices.framework/Versions/A/Frameworks/SpeechSynthesis.framework/Versions/A/SpeechSynthesis
0x00007ff824813000 	/System/Library/Frameworks/ApplicationServices.framework/Versions/A/Frameworks/ATSUI.framework/Versions/A/ATSUI
0x00007ff825c61000 	/usr/lib/libcups.2.dylib
0x00007ff826030000 	/System/Library/Frameworks/Kerberos.framework/Versions/A/Kerberos
0x00007ff82603f000 	/System/Library/Frameworks/GSS.framework/Versions/A/GSS
0x00007ff8259b2000 	/usr/lib/libresolv.9.dylib
0x00007ff823d6c000 	/System/Library/PrivateFrameworks/Heimdal.framework/Versions/A/Heimdal
0x00007ff82cc0c000 	/System/Library/Frameworks/Kerberos.framework/Versions/A/Libraries/libHeimdalProxy.dylib
0x00007ff81e577000 	/System/Library/Frameworks/Network.framework/Versions/A/Network
0x00007ff8237c7000 	/usr/lib/libheimdal-asn1.dylib
0x00007ff82608a000 	/System/Library/PrivateFrameworks/CommonAuth.framework/Versions/A/CommonAuth
0x00007ff8258b8000 	/System/Library/PrivateFrameworks/AudioSession.framework/Versions/A/AudioSession
0x00007ff823857000 	/System/Library/PrivateFrameworks/MediaExperience.framework/Versions/A/MediaExperience
0x00007ff82574b000 	/System/Library/PrivateFrameworks/AudioSession.framework/libSessionUtility.dylib
0x00007ff825ce0000 	/System/Library/PrivateFrameworks/AudioResourceArbitration.framework/Versions/A/AudioResourceArbitration
0x00007ff829d53000 	/System/Library/PrivateFrameworks/PowerLog.framework/Versions/A/PowerLog
0x00007ff8237d0000 	/System/Library/PrivateFrameworks/IconFoundation.framework/Versions/A/IconFoundation
0x00007ff828b09000 	/System/Library/PrivateFrameworks/SpeechRecognitionCore.framework/Versions/A/SpeechRecognitionCore
0x0000000101119000 	/Library/Java/JavaVirtualMachines/temurin-11.jdk/Contents/Home/lib/server/libjvm.dylib
0x0000000100381000 	/Library/Java/JavaVirtualMachines/temurin-11.jdk/Contents/Home/lib/libverify.dylib
0x00000001003be000 	/Library/Java/JavaVirtualMachines/temurin-11.jdk/Contents/Home/lib/libjava.dylib
0x0000000100392000 	/Library/Java/JavaVirtualMachines/temurin-11.jdk/Contents/Home/lib/libjimage.dylib
0x0000000100426000 	/Library/Java/JavaVirtualMachines/temurin-11.jdk/Contents/Home/lib/libjdwp.dylib
0x00000001003ae000 	/Library/Java/JavaVirtualMachines/temurin-11.jdk/Contents/Home/lib/libinstrument.dylib
0x00000001003ea000 	/Library/Java/JavaVirtualMachines/temurin-11.jdk/Contents/Home/lib/libzip.dylib
0x000000010040d000 	/Library/Java/JavaVirtualMachines/temurin-11.jdk/Contents/Home/lib/libdt_socket.dylib
0x0000000100ed1000 	/Library/Java/JavaVirtualMachines/temurin-11.jdk/Contents/Home/lib/libnio.dylib
0x0000000100efd000 	/Library/Java/JavaVirtualMachines/temurin-11.jdk/Contents/Home/lib/libnet.dylib


VM Arguments:
jvm_args: -agentlib:jdwp=transport=dt_socket,suspend=y,address=localhost:52734 -javaagent:/Applications/Eclipse.app/Contents/Eclipse/configuration/org.eclipse.osgi/412/0/.cp/lib/javaagent-shaded.jar -Dfile.encoding=UTF-8 
java_command: CodingGames.UnarySolution
java_class_path (initial): /Users/evgeny/Documents/developpement/javaFormation/out/production/javaFormation
Launcher Type: SUN_STANDARD

[Global flags]
     intx CICompilerCount                          = 3                                         {product} {ergonomic}
     uint ConcGCThreads                            = 1                                         {product} {ergonomic}
     uint G1ConcRefinementThreads                  = 4                                         {product} {ergonomic}
   size_t G1HeapRegionSize                         = 1048576                                   {product} {ergonomic}
    uintx GCDrainStackTargetSize                   = 64                                        {product} {ergonomic}
   size_t InitialHeapSize                          = 134217728                                 {product} {ergonomic}
   size_t MarkStackSize                            = 4194304                                   {product} {ergonomic}
   size_t MaxHeapSize                              = 2147483648                                {product} {ergonomic}
   size_t MaxNewSize                               = 1287651328                                {product} {ergonomic}
   size_t MinHeapDeltaBytes                        = 1048576                                   {product} {ergonomic}
    uintx NonNMethodCodeHeapSize                   = 5830732                                {pd product} {ergonomic}
    uintx NonProfiledCodeHeapSize                  = 122913754                              {pd product} {ergonomic}
    uintx ProfiledCodeHeapSize                     = 122913754                              {pd product} {ergonomic}
    uintx ReservedCodeCacheSize                    = 251658240                              {pd product} {ergonomic}
     bool SegmentedCodeCache                       = true                                      {product} {ergonomic}
     bool UseCompressedClassPointers               = true                                 {lp64_product} {ergonomic}
     bool UseCompressedOops                        = true                                 {lp64_product} {ergonomic}
     bool UseG1GC                                  = true                                      {product} {ergonomic}

Logging:
Log output configuration:
 #0: stdout all=warning uptime,level,tags
 #1: stderr all=off uptime,level,tags

Environment Variables:
PATH=/usr/bin:/bin:/usr/sbin:/sbin
SHELL=/bin/zsh

Signal Handlers:
SIGSEGV: [libjvm.dylib+0x7c69d4], sa_mask[0]=11111111011111110111111111111111, sa_flags=SA_ONSTACK|SA_RESTART|SA_SIGINFO
SIGBUS: [libjvm.dylib+0x7c69d4], sa_mask[0]=11111111011111110111111111111111, sa_flags=SA_RESTART|SA_SIGINFO
SIGFPE: [libjvm.dylib+0x7c69d4], sa_mask[0]=11111111011111110111111111111111, sa_flags=SA_RESTART|SA_SIGINFO
SIGPIPE: [libjvm.dylib+0x62b2ae], sa_mask[0]=11111111011111110111111111111111, sa_flags=SA_RESTART|SA_SIGINFO
SIGXFSZ: [libjvm.dylib+0x62b2ae], sa_mask[0]=11111111011111110111111111111111, sa_flags=SA_RESTART|SA_SIGINFO
SIGILL: [libjvm.dylib+0x7c69d4], sa_mask[0]=11111111011111110111111111111111, sa_flags=SA_RESTART|SA_SIGINFO
SIGUSR2: [libjvm.dylib+0x62b895], sa_mask[0]=00100000000000000000000000000000, sa_flags=SA_RESTART|SA_SIGINFO
SIGHUP: [libjvm.dylib+0x62a477], sa_mask[0]=11111111011111110111111111111111, sa_flags=SA_RESTART|SA_SIGINFO
SIGINT: [libjvm.dylib+0x62a477], sa_mask[0]=11111111011111110111111111111111, sa_flags=SA_RESTART|SA_SIGINFO
SIGTERM: [libjvm.dylib+0x62a477], sa_mask[0]=11111111011111110111111111111111, sa_flags=SA_RESTART|SA_SIGINFO
SIGQUIT: [libjvm.dylib+0x62a477], sa_mask[0]=11111111011111110111111111111111, sa_flags=SA_RESTART|SA_SIGINFO


---------------  S Y S T E M  ---------------

OS:uname:Darwin 21.4.0 Darwin Kernel Version 21.4.0: Mon Feb 21 20:34:37 PST 2022; root:xnu-8020.101.4~2/RELEASE_X86_64 x86_64
OS uptime: 0 days 7:34 hours
rlimit (soft/hard): STACK 8192k/65532k , CORE 0k/infinity , NPROC 1392/2088 , NOFILE 10240/infinity , AS infinity/infinity , CPU infinity/infinity , DATA infinity/infinity , FSIZE infinity/infinity , MEMLOCK infinity/infinity , RSS infinity/infinity
load average:4.22 3.68 3.37

CPU:total 4 (initial active 4) (2 cores per cpu, 2 threads per core) family 6 model 78 stepping 3 microcode 0xec, cmov, cx8, fxsr, mmx, sse, sse2, sse3, ssse3, sse4.1, sse4.2, popcnt, avx, avx2, aes, clmul, erms, 3dnowpref, lzcnt, ht, tsc, tscinvbit, bmi1, bmi2, adx, fma

Memory: 4k page, physical 8388608k(36540k free), swap 1048576k(493568k free)

vm_info: OpenJDK 64-Bit Server VM (11.0.14.1+1) for bsd-amd64 JRE (11.0.14.1+1), built on Feb  8 2022 17:43:13 by "jenkins" with clang 4.2.1 Compatible Apple LLVM 10.0.1 (clang-1001.0.46.4)

END.
